{"numFailedTestSuites":2,"numFailedTests":0,"numPassedTestSuites":1,"numPassedTests":1,"numPendingTestSuites":0,"numPendingTests":0,"numRuntimeErrorTestSuites":2,"numTodoTests":0,"numTotalTestSuites":3,"numTotalTests":1,"openHandles":[],"snapshot":{"added":0,"didUpdate":false,"failure":false,"filesAdded":0,"filesRemoved":0,"filesUnmatched":0,"filesUpdated":0,"matched":0,"total":0,"unchecked":0,"uncheckedKeysByFile":[],"unmatched":0,"updated":0},"startTime":1560388910535,"success":false,"testResults":[{"assertionResults":[],"coverage":{},"endTime":1560388920151,"message":"  \u001b[1m● \u001b[22mTest suite failed to run\n\n    \u001b[1m\u001b[31mJest encountered an unexpected token\u001b[39m\u001b[22m\n\n    This usually means that you are trying to import a file which Jest cannot parse, e.g. it's not plain JavaScript.\n\n    By default, if Jest sees a Babel config, it will use that to transform your files, ignoring \"node_modules\".\n\n    Here's what you can do:\n     • To have some of your \"node_modules\" files transformed, you can specify a custom \u001b[1m\"transformIgnorePatterns\"\u001b[22m in your config.\n     • If you need a custom transformation specify a \u001b[1m\"transform\"\u001b[22m option in your config.\n     • If you simply want to mock your non-JS modules (e.g. binary assets) you can stub them out with the \u001b[1m\"moduleNameMapper\"\u001b[22m config option.\n\n    You'll find more details and examples of these config options in the docs:\n    \u001b[36mhttps://jestjs.io/docs/en/configuration.html\u001b[39m\n\n    \u001b[1m\u001b[31mDetails:\u001b[39m\u001b[22m\n\n    D:\\data\\campus2019_storybook\\src\\logo.svg:1\n    ({\"Object.<anonymous>\":function(module,exports,require,__dirname,__filename,global,jest){<svg xmlns=\"http://www.w3.org/2000/svg\" viewBox=\"0 0 841.9 595.3\">\n                                                                                             ^\n\n    SyntaxError: Unexpected token <\n\n    \u001b[0m \u001b[90m 1 | \u001b[39m\u001b[36mimport\u001b[39m \u001b[33mReact\u001b[39m from \u001b[32m'react'\u001b[39m\u001b[33m;\u001b[39m\u001b[0m\n    \u001b[0m\u001b[31m\u001b[1m>\u001b[22m\u001b[39m\u001b[90m 2 | \u001b[39m\u001b[36mimport\u001b[39m logo from \u001b[32m'./logo.svg'\u001b[39m\u001b[33m;\u001b[39m\u001b[0m\n    \u001b[0m \u001b[90m   | \u001b[39m\u001b[31m\u001b[1m^\u001b[22m\u001b[39m\u001b[0m\n    \u001b[0m \u001b[90m 3 | \u001b[39m\u001b[36mimport\u001b[39m \u001b[32m'./App.css'\u001b[39m\u001b[33m;\u001b[39m\u001b[0m\n    \u001b[0m \u001b[90m 4 | \u001b[39m\u001b[0m\n    \u001b[0m \u001b[90m 5 | \u001b[39m\u001b[36mfunction\u001b[39m \u001b[33mApp\u001b[39m() {\u001b[0m\n\n      \u001b[2mat ScriptTransformer._transformAndBuildScript (\u001b[22mnode_modules/@jest/transform/build/ScriptTransformer.js\u001b[2m:471:17)\u001b[22m\n      \u001b[2mat ScriptTransformer.transform (\u001b[22mnode_modules/@jest/transform/build/ScriptTransformer.js\u001b[2m:513:25)\u001b[22m\n      \u001b[2mat Object.<anonymous> (\u001b[22msrc/App.js\u001b[2m:2:1)\u001b[22m\n","name":"D:\\data\\campus2019_storybook\\src\\App.test.js","startTime":1560388920151,"status":"failed","summary":""},{"assertionResults":[],"coverage":{},"endTime":1560388920152,"message":"  \u001b[1m● \u001b[22mTest suite failed to run\n\n    Cannot find module './RlButton' from 'iprl_button.test.js'\n\n    \u001b[0m \u001b[90m 1 | \u001b[39m\u001b[36mimport\u001b[39m \u001b[33mReact\u001b[39m from \u001b[32m'react'\u001b[39m\u001b[0m\n    \u001b[0m \u001b[90m 2 | \u001b[39m\u001b[36mimport\u001b[39m \u001b[33mReactDOM\u001b[39m from \u001b[32m'react-dom'\u001b[39m\u001b[0m\n    \u001b[0m\u001b[31m\u001b[1m>\u001b[22m\u001b[39m\u001b[90m 3 | \u001b[39m\u001b[36mimport\u001b[39m \u001b[33mRlButton\u001b[39m from \u001b[32m'./RlButton'\u001b[39m\u001b[0m\n    \u001b[0m \u001b[90m   | \u001b[39m\u001b[31m\u001b[1m^\u001b[22m\u001b[39m\u001b[0m\n    \u001b[0m \u001b[90m 4 | \u001b[39m\u001b[36mimport\u001b[39m { mount } from \u001b[32m'enzyme'\u001b[39m\u001b[0m\n    \u001b[0m \u001b[90m 5 | \u001b[39m\u001b[36mimport\u001b[39m jest from \u001b[32m'jest-mock'\u001b[39m\u001b[0m\n    \u001b[0m \u001b[90m 6 | \u001b[39m\u001b[0m\n\n      \u001b[2mat Resolver.resolveModule (\u001b[22mnode_modules/jest-runtime/node_modules/jest-resolve/build/index.js\u001b[2m:230:17)\u001b[22m\n      \u001b[2mat Object.<anonymous> (\u001b[22m\u001b[0m\u001b[36msrc/components/iprl_button.test.js\u001b[39m\u001b[0m\u001b[2m:3:1)\u001b[22m\n","name":"D:\\data\\campus2019_storybook\\src\\components\\iprl_button.test.js","startTime":1560388920152,"status":"failed","summary":""},{"assertionResults":[{"ancestorTitles":["List"],"failureMessages":[],"fullName":"List should be rendered without crashing","location":null,"status":"passed","title":"should be rendered without crashing"}],"endTime":1560388920113,"message":"","name":"D:\\data\\campus2019_storybook\\src\\components\\List.test.js","startTime":1560388914971,"status":"passed","summary":""}],"wasInterrupted":false}